00:19:13.672 INFO  45 CenterImport - 立委-A05-2-(南投縣).xls
00:19:13.798 INFO  85 CenterImport - 選區:第01選區
00:19:39.063 INFO  85 CenterImport - 選區:第02選區
00:19:57.541 INFO  45 CenterImport - 立委-A05-2-(嘉義市).xls
00:19:57.556 INFO  85 CenterImport - 選區:第01選區
00:20:16.269 INFO  45 CenterImport - 立委-A05-2-(嘉義縣).xls
00:20:16.285 INFO  85 CenterImport - 選區:第01選區
00:20:34.764 INFO  85 CenterImport - 選區:第02選區
00:20:53.802 INFO  45 CenterImport - 立委-A05-2-(基隆市).xls
00:20:53.818 INFO  85 CenterImport - 選區:第01選區
00:21:34.502 INFO  45 CenterImport - 立委-A05-2-(宜蘭縣).xls
00:21:34.518 INFO  85 CenterImport - 選區:第01選區
00:22:01.534 INFO  45 CenterImport - 立委-A05-2-(屏東縣).xls
00:22:01.582 INFO  85 CenterImport - 選區:第01選區
00:22:33.292 INFO  85 CenterImport - 選區:第02選區
00:22:46.662 INFO  85 CenterImport - 選區:第03選區
00:23:13.055 INFO  45 CenterImport - 立委-A05-2-(彰化縣).xls
00:23:13.118 INFO  85 CenterImport - 選區:第01選區
00:23:40.690 INFO  85 CenterImport - 選區:第02選區
00:23:55.679 INFO  85 CenterImport - 選區:第03選區
00:24:15.059 INFO  85 CenterImport - 選區:第04選區
00:24:33.097 INFO  45 CenterImport - 立委-A05-2-(新北市).xls
00:24:33.176 INFO  85 CenterImport - 選區:第01選區
00:25:04.015 INFO  85 CenterImport - 選區:第02選區
00:25:34.735 INFO  85 CenterImport - 選區:第03選區
00:26:02.364 INFO  85 CenterImport - 選區:第04選區
00:26:27.156 INFO  85 CenterImport - 選區:第05選區
00:26:50.786 INFO  85 CenterImport - 選區:第06選區
00:27:08.133 INFO  85 CenterImport - 選區:第07選區
00:27:26.367 INFO  85 CenterImport - 選區:第08選區
00:27:57.378 INFO  85 CenterImport - 選區:第09選區
00:28:21.548 INFO  85 CenterImport - 選區:第10選區
00:28:57.943 INFO  85 CenterImport - 選區:第11選區
00:29:16.665 INFO  85 CenterImport - 選區:第12選區
00:29:50.067 INFO  45 CenterImport - 立委-A05-2-(新竹市).xls
00:29:50.085 INFO  85 CenterImport - 選區:第01選區
00:30:42.540 INFO  45 CenterImport - 立委-A05-2-(新竹縣).xls
00:30:42.556 INFO  85 CenterImport - 選區:第01選區
00:31:31.357 INFO  45 CenterImport - 立委-A05-2-(桃園縣).xls
00:31:31.389 INFO  85 CenterImport - 選區:第01選區
00:31:45.020 INFO  85 CenterImport - 選區:第02選區
00:32:02.463 INFO  85 CenterImport - 選區:第03選區
00:32:25.639 INFO  85 CenterImport - 選區:第04選區
00:32:46.797 INFO  85 CenterImport - 選區:第05選區
00:33:24.652 INFO  85 CenterImport - 選區:第06選區
00:33:44.785 INFO  45 CenterImport - 立委-A05-2-(澎湖縣).xls
00:33:44.785 INFO  85 CenterImport - 選區:第01選區
00:33:55.618 INFO  45 CenterImport - 立委-A05-2-(臺中市).xls
00:33:55.668 INFO  85 CenterImport - 選區:第01選區
00:34:19.230 INFO  85 CenterImport - 選區:第02選區
00:34:35.685 INFO  85 CenterImport - 選區:第03選區
00:34:53.340 INFO  85 CenterImport - 選區:第04選區
00:35:21.832 INFO  85 CenterImport - 選區:第05選區
00:35:44.268 INFO  85 CenterImport - 選區:第06選區
00:36:27.089 INFO  85 CenterImport - 選區:第07選區
00:36:51.004 INFO  85 CenterImport - 選區:第08選區
00:37:18.463 INFO  45 CenterImport - 立委-A05-2-(臺北市).xls
00:37:18.495 INFO  85 CenterImport - 選區:第01選區
00:37:47.565 INFO  85 CenterImport - 選區:第02選區
00:38:19.493 INFO  85 CenterImport - 選區:第03選區
00:38:41.514 INFO  85 CenterImport - 選區:第04選區
00:39:07.645 INFO  85 CenterImport - 選區:第05選區
00:39:44.729 INFO  85 CenterImport - 選區:第06選區
00:40:30.327 INFO  85 CenterImport - 選區:第07選區
00:40:58.675 INFO  85 CenterImport - 選區:第08選區
00:41:25.643 INFO  45 CenterImport - 立委-A05-2-(臺南市).xls
00:41:25.686 INFO  85 CenterImport - 選區:第01選區
00:42:01.973 INFO  85 CenterImport - 選區:第02選區
00:42:46.071 INFO  85 CenterImport - 選區:第03選區
00:43:09.588 INFO  85 CenterImport - 選區:第04選區
00:43:25.904 INFO  85 CenterImport - 選區:第05選區
00:43:58.652 INFO  45 CenterImport - 立委-A05-2-(臺東縣).xls
00:43:58.685 INFO  85 CenterImport - 選區:第01選區
00:44:38.781 INFO  45 CenterImport - 立委-A05-2-(花蓮縣).xls
00:44:38.781 INFO  85 CenterImport - 選區:第01選區
00:45:17.447 INFO  45 CenterImport - 立委-A05-2-(苗栗縣).xls
00:45:17.462 INFO  85 CenterImport - 選區:第01選區
00:45:50.120 INFO  85 CenterImport - 選區:第02選區
00:46:12.861 INFO  45 CenterImport - 立委-A05-2-(連江縣).xls
00:46:12.877 INFO  85 CenterImport - 選區:第01選區
00:46:14.877 INFO  45 CenterImport - 立委-A05-2-(金門縣).xls
00:46:14.892 INFO  85 CenterImport - 選區:第01選區
00:46:27.509 INFO  45 CenterImport - 立委-A05-2-(雲林縣).xls
00:46:27.541 INFO  85 CenterImport - 選區:第01選區
00:46:53.991 INFO  85 CenterImport - 選區:第02選區
00:47:22.645 INFO  45 CenterImport - 立委-A05-2-(高雄市).xls
00:47:22.678 INFO  85 CenterImport - 選區:第01選區
00:47:43.535 INFO  85 CenterImport - 選區:第02選區
00:48:10.874 INFO  85 CenterImport - 選區:第03選區
00:48:38.687 INFO  85 CenterImport - 選區:第04選區
00:49:03.205 INFO  85 CenterImport - 選區:第05選區
00:49:26.838 INFO  85 CenterImport - 選區:第06選區
00:49:37.387 INFO  85 CenterImport - 選區:第07選區
00:50:05.117 INFO  85 CenterImport - 選區:第08選區
00:50:43.555 INFO  85 CenterImport - 選區:第09選區
